============================================================
  Generated by:           Genus(TM) Synthesis Solution 19.12-s121_1
  Generated on:           Jan 26 2023  10:19:19 pm
  Module:                 fifo1_sramb
  Operating conditions:   _nominal_ (balanced_tree)
  Wireload mode:          enclosed
  Area mode:              timing library
============================================================

Timing
--------

 Clock Period 
--------------
rclk    750.0 
wclk    850.0 
wclk2x  425.0 


  Cost    Critical               Violating 
 Group   Path Slack     TNS        Paths   
-------------------------------------------
default    No paths         0.0            
INPUTS      -4415.3   -393350.3         92 
OUTPUTS       -78.0      -402.5         10 
rclk          -12.6       -12.6          1 
wclk            1.2         0.0          0 
wclk2x     No paths         0.0            
-------------------------------------------
Total                 -393752.8        103 

Instance Count
--------------
Leaf Instance Count             527 
Physical Instance count           0 
Sequential Instance Count       104 
Combinational Instance Count    423 
Hierarchical Instance Count       5 

Area
----
Cell Area                          511594.336
Physical Cell Area                 0.000
Total Cell Area (Cell+Physical)    511594.336
Net Area                           0.000
Total Area (Cell+Physical+Net)     511594.336

Max Fanout                         72 (fifomem/n_27)
Min Fanout                         0 (io_b_wrst_n_net)
Average Fanout                     2.8
Terms to net ratio                 4.2411
Terms to instance ratio            4.5389
Runtime                            174.703184 seconds
Elapsed Runtime                    935 seconds
Genus peak memory usage            1417.74 
Innovus peak memory usage          no_value 
Hostname                           auto.ece.pdx.edu
